Looking for git in: git
Using git 2.17.1 from git
> git rev-parse --show-toplevel
> git rev-parse --git-dir
Open repository: /home/tomek/Public/projects/basicsReact
> git status -z -u
> git symbolic-ref --short HEAD
> git rev-parse master
> git rev-parse --symbolic-full-name master@{u}
> git rev-list --left-right master...refs/remotes/origin/master
> git for-each-ref --format %(refname) %(objectname) --sort -committerdate
> git remote --verbose
Failed to watch ref '/home/tomek/Public/projects/basicsReact/.git/refs/remotes/origin/master', is most likely packed.
Error: ENOENT: no such file or directory, watch '/home/tomek/Public/projects/basicsReact/.git/refs/remotes/origin/master'
	at FSWatcher.start (internal/fs/watchers.js:165:26)
	at Object.watch (fs.js:1270:11)
	at Object.t.watch (/snap/code/23/usr/share/code/resources/app/extensions/git/dist/main.js:1:591370)
	at E.updateTransientWatchers (/snap/code/23/usr/share/code/resources/app/extensions/git/dist/main.js:1:123066)
	at l.fire (/snap/code/23/usr/share/code/resources/app/out/vs/workbench/services/extensions/node/extensionHostProcess.js:46:913)
	at T.updateModelState (/snap/code/23/usr/share/code/resources/app/extensions/git/dist/main.js:1:141851)
> git config --get commit.template
> git check-ignore -v -z --stdin
> git check-ignore -v -z --stdin
> git show :src/logo.svg
> git status -z -u
> git symbolic-ref --short HEAD
> git rev-parse master
> git rev-parse --symbolic-full-name master@{u}
> git rev-list --left-right master...refs/remotes/origin/master
> git for-each-ref --format %(refname) %(objectname) --sort -committerdate
> git remote --verbose
Failed to watch ref '/home/tomek/Public/projects/basicsReact/.git/refs/remotes/origin/master', is most likely packed.
Error: ENOENT: no such file or directory, watch '/home/tomek/Public/projects/basicsReact/.git/refs/remotes/origin/master'
	at FSWatcher.start (internal/fs/watchers.js:165:26)
	at Object.watch (fs.js:1270:11)
	at Object.t.watch (/snap/code/23/usr/share/code/resources/app/extensions/git/dist/main.js:1:591370)
	at E.updateTransientWatchers (/snap/code/23/usr/share/code/resources/app/extensions/git/dist/main.js:1:123066)
	at l.fire (/snap/code/23/usr/share/code/resources/app/out/vs/workbench/services/extensions/node/extensionHostProcess.js:46:913)
	at T.updateModelState (/snap/code/23/usr/share/code/resources/app/extensions/git/dist/main.js:1:141851)
> git config --get commit.template
> git status -z -u
> git symbolic-ref --short HEAD
> git rev-parse master
> git rev-parse --symbolic-full-name master@{u}
> git rev-list --left-right master...refs/remotes/origin/master
> git for-each-ref --format %(refname) %(objectname) --sort -committerdate
> git remote --verbose
Failed to watch ref '/home/tomek/Public/projects/basicsReact/.git/refs/remotes/origin/master', is most likely packed.
Error: ENOENT: no such file or directory, watch '/home/tomek/Public/projects/basicsReact/.git/refs/remotes/origin/master'
	at FSWatcher.start (internal/fs/watchers.js:165:26)
	at Object.watch (fs.js:1270:11)
	at Object.t.watch (/snap/code/23/usr/share/code/resources/app/extensions/git/dist/main.js:1:591370)
	at E.updateTransientWatchers (/snap/code/23/usr/share/code/resources/app/extensions/git/dist/main.js:1:123066)
	at l.fire (/snap/code/23/usr/share/code/resources/app/out/vs/workbench/services/extensions/node/extensionHostProcess.js:46:913)
	at T.updateModelState (/snap/code/23/usr/share/code/resources/app/extensions/git/dist/main.js:1:141851)
> git config --get commit.template
> git show :src/App.js
> git show :src/App.css
> git show :src/App.test.js
> git show :src/App.js
> git show :src/App.css
> git show :src/App.js
> git show :src/App.test.js
> git show :src/App.js
> git show :src/index.css
> git show :src/App.test.js
> git show :src/index.css
> git show :src/serviceWorker.js
> git show :src/index.js
> git show :src/App.css
> git show :src/App.js
> git show :src/App.test.js
> git show :src/index.css
> git show :src/index.js
> git show :src/index.css
> git show :src/index.js
> git status -z -u
> git symbolic-ref --short HEAD
> git rev-parse master
> git rev-parse --symbolic-full-name master@{u}
> git rev-list --left-right master...refs/remotes/origin/master
> git for-each-ref --format %(refname) %(objectname) --sort -committerdate
> git remote --verbose
Failed to watch ref '/home/tomek/Public/projects/basicsReact/.git/refs/remotes/origin/master', is most likely packed.
Error: ENOENT: no such file or directory, watch '/home/tomek/Public/projects/basicsReact/.git/refs/remotes/origin/master'
	at FSWatcher.start (internal/fs/watchers.js:165:26)
	at Object.watch (fs.js:1270:11)
	at Object.t.watch (/snap/code/23/usr/share/code/resources/app/extensions/git/dist/main.js:1:591370)
	at E.updateTransientWatchers (/snap/code/23/usr/share/code/resources/app/extensions/git/dist/main.js:1:123066)
	at l.fire (/snap/code/23/usr/share/code/resources/app/out/vs/workbench/services/extensions/node/extensionHostProcess.js:46:913)
	at T.updateModelState (/snap/code/23/usr/share/code/resources/app/extensions/git/dist/main.js:1:141851)
> git config --get commit.template
> git status -z -u
> git symbolic-ref --short HEAD
> git rev-parse firststeps
> git rev-parse --symbolic-full-name firststeps@{u}
fatal: no upstream configured for branch 'firststeps'
> git for-each-ref --format %(refname) %(objectname) --sort -committerdate
> git remote --verbose
> git config --get commit.template
> git show :src/index.js
> git status -z -u
> git symbolic-ref --short HEAD
> git rev-parse firststeps
> git rev-parse --symbolic-full-name firststeps@{u}
fatal: no upstream configured for branch 'firststeps'
> git for-each-ref --format %(refname) %(objectname) --sort -committerdate
> git remote --verbose
> git config --get commit.template
> git show :src/index.js
> git status -z -u
> git symbolic-ref --short HEAD
> git rev-parse firststeps
> git rev-parse --symbolic-full-name firststeps@{u}
fatal: no upstream configured for branch 'firststeps'
> git for-each-ref --format %(refname) %(objectname) --sort -committerdate
> git remote --verbose
> git config --get commit.template
> git status -z -u
> git symbolic-ref --short HEAD
> git rev-parse firststeps
> git rev-parse --symbolic-full-name firststeps@{u}
fatal: no upstream configured for branch 'firststeps'
> git for-each-ref --format %(refname) %(objectname) --sort -committerdate
> git remote --verbose
> git config --get commit.template
> git show :src/index.js
> git status -z -u
> git symbolic-ref --short HEAD
> git rev-parse firststeps
> git rev-parse --symbolic-full-name firststeps@{u}
> git rev-list --left-right firststeps...refs/remotes/origin/firststeps
> git for-each-ref --format %(refname) %(objectname) --sort -committerdate
> git remote --verbose
> git config --get commit.template
> git show :src/index.js
> git status -z -u
> git symbolic-ref --short HEAD
> git rev-parse firststeps
> git rev-parse --symbolic-full-name firststeps@{u}
> git rev-list --left-right firststeps...refs/remotes/origin/firststeps
> git for-each-ref --format %(refname) %(objectname) --sort -committerdate
> git remote --verbose
> git config --get commit.template
> git status -z -u
> git symbolic-ref --short HEAD
> git rev-parse firststeps
> git rev-parse --symbolic-full-name firststeps@{u}
> git rev-list --left-right firststeps...refs/remotes/origin/firststeps
> git for-each-ref --format %(refname) %(objectname) --sort -committerdate
> git remote --verbose
> git config --get commit.template
> git show :src/App.css
> git show :src/App.js
> git status -z -u
> git symbolic-ref --short HEAD
> git rev-parse firststeps
> git rev-parse --symbolic-full-name firststeps@{u}
> git rev-list --left-right firststeps...refs/remotes/origin/firststeps
> git for-each-ref --format %(refname) %(objectname) --sort -committerdate
> git remote --verbose
> git config --get commit.template
> git show :src/App.js
> git status -z -u
> git symbolic-ref --short HEAD
> git rev-parse firststeps
> git rev-parse --symbolic-full-name firststeps@{u}
> git rev-list --left-right firststeps...refs/remotes/origin/firststeps
> git for-each-ref --format %(refname) %(objectname) --sort -committerdate
> git remote --verbose
> git config --get commit.template
