[2020-01-28 20:28:57.549] [exthost] [info] extension host started
[2020-01-28 20:28:57.618] [exthost] [info] ExtensionService#_doActivateExtension vscode.debug-auto-launch {"startup":true,"extensionId":{"value":"vscode.debug-auto-launch","_lower":"vscode.debug-auto-launch"},"activationEvent":"*"}
[2020-01-28 20:28:57.619] [exthost] [info] ExtensionService#loadCommonJSModule file:///snap/code/23/usr/share/code/resources/app/extensions/debug-auto-launch/dist/extension
[2020-01-28 20:28:57.630] [exthost] [info] ExtensionService#_doActivateExtension vscode.emmet {"startup":true,"extensionId":{"value":"vscode.emmet","_lower":"vscode.emmet"},"activationEvent":"*"}
[2020-01-28 20:28:57.630] [exthost] [info] ExtensionService#loadCommonJSModule file:///snap/code/23/usr/share/code/resources/app/extensions/emmet/dist/extension
[2020-01-28 20:28:57.671] [exthost] [info] ExtensionService#_doActivateExtension vscode.git {"startup":true,"extensionId":{"value":"vscode.git","_lower":"vscode.git"},"activationEvent":"*"}
[2020-01-28 20:28:57.671] [exthost] [info] ExtensionService#loadCommonJSModule file:///snap/code/23/usr/share/code/resources/app/extensions/git/dist/main
[2020-01-28 20:28:57.751] [exthost] [info] ExtensionService#_doActivateExtension vscode.merge-conflict {"startup":true,"extensionId":{"value":"vscode.merge-conflict","_lower":"vscode.merge-conflict"},"activationEvent":"*"}
[2020-01-28 20:28:57.751] [exthost] [info] ExtensionService#loadCommonJSModule file:///snap/code/23/usr/share/code/resources/app/extensions/merge-conflict/dist/extension
[2020-01-28 20:28:57.761] [exthost] [info] ExtensionService#_doActivateExtension vscode.search-result {"startup":true,"extensionId":{"value":"vscode.search-result","_lower":"vscode.search-result"},"activationEvent":"*"}
[2020-01-28 20:28:57.761] [exthost] [info] ExtensionService#loadCommonJSModule file:///snap/code/23/usr/share/code/resources/app/extensions/search-result/dist/extension.js
[2020-01-28 20:28:57.764] [exthost] [info] eager extensions activated
[2020-01-28 20:29:24.385] [exthost] [info] extension host started
[2020-01-28 20:29:24.545] [exthost] [info] ExtensionService#_doActivateExtension vscode.debug-auto-launch {"startup":true,"extensionId":{"value":"vscode.debug-auto-launch","_lower":"vscode.debug-auto-launch"},"activationEvent":"*"}
[2020-01-28 20:29:24.545] [exthost] [info] ExtensionService#loadCommonJSModule file:///snap/code/23/usr/share/code/resources/app/extensions/debug-auto-launch/dist/extension
[2020-01-28 20:29:24.557] [exthost] [info] ExtensionService#_doActivateExtension vscode.emmet {"startup":true,"extensionId":{"value":"vscode.emmet","_lower":"vscode.emmet"},"activationEvent":"*"}
[2020-01-28 20:29:24.557] [exthost] [info] ExtensionService#loadCommonJSModule file:///snap/code/23/usr/share/code/resources/app/extensions/emmet/dist/extension
[2020-01-28 20:29:24.596] [exthost] [info] ExtensionService#_doActivateExtension vscode.git {"startup":true,"extensionId":{"value":"vscode.git","_lower":"vscode.git"},"activationEvent":"*"}
[2020-01-28 20:29:24.596] [exthost] [info] ExtensionService#loadCommonJSModule file:///snap/code/23/usr/share/code/resources/app/extensions/git/dist/main
[2020-01-28 20:29:24.633] [exthost] [info] ExtensionService#_doActivateExtension vscode.merge-conflict {"startup":true,"extensionId":{"value":"vscode.merge-conflict","_lower":"vscode.merge-conflict"},"activationEvent":"*"}
[2020-01-28 20:29:24.633] [exthost] [info] ExtensionService#loadCommonJSModule file:///snap/code/23/usr/share/code/resources/app/extensions/merge-conflict/dist/extension
[2020-01-28 20:29:24.636] [exthost] [info] ExtensionService#_doActivateExtension vscode.search-result {"startup":true,"extensionId":{"value":"vscode.search-result","_lower":"vscode.search-result"},"activationEvent":"*"}
[2020-01-28 20:29:24.636] [exthost] [info] ExtensionService#loadCommonJSModule file:///snap/code/23/usr/share/code/resources/app/extensions/search-result/dist/extension.js
[2020-01-28 20:29:24.710] [exthost] [info] ExtensionService#_doActivateExtension vscode.npm {"startup":true,"extensionId":{"value":"vscode.npm","_lower":"vscode.npm"},"activationEvent":"workspaceContains:package.json"}
[2020-01-28 20:29:24.710] [exthost] [info] ExtensionService#loadCommonJSModule file:///snap/code/23/usr/share/code/resources/app/extensions/npm/dist/main
[2020-01-28 20:29:24.769] [exthost] [info] eager extensions activated
[2020-01-28 20:29:58.766] [exthost] [info] ExtensionService#_doActivateExtension vscode.typescript-language-features {"startup":false,"extensionId":{"value":"vscode.typescript-language-features","_lower":"vscode.typescript-language-features"},"activationEvent":"onLanguage:javascript"}
[2020-01-28 20:29:58.766] [exthost] [info] ExtensionService#loadCommonJSModule file:///snap/code/23/usr/share/code/resources/app/extensions/typescript-language-features/dist/extension
[2020-01-28 20:30:43.001] [exthost] [info] ExtensionService#_doActivateExtension vscode.css-language-features {"startup":false,"extensionId":{"value":"vscode.css-language-features","_lower":"vscode.css-language-features"},"activationEvent":"onLanguage:css"}
[2020-01-28 20:30:43.001] [exthost] [info] ExtensionService#loadCommonJSModule file:///snap/code/23/usr/share/code/resources/app/extensions/css-language-features/client/dist/cssMain
